f:\googledrive\stm32\stm32g4_tft\stm32g4_tft_st7735\visualgdb\debug\stm32g4_tft_st7735.link.rsp
f:\googledrive\stm32\stm32g4_tft\stm32g4_tft_st7735\visualgdb\debug\stm32g4_tft_st7735.bin
f:\googledrive\stm32\stm32g4_tft\stm32g4_tft_st7735\visualgdb\debug\stm32g4_tft_st7735
f:\googledrive\stm32\stm32g4_tft\stm32g4_tft_st7735\stm32g4_tft_st7735\visualgdb\debug\cl_systemclockupdate.o
f:\googledrive\stm32\stm32g4_tft\stm32g4_tft_st7735\stm32g4_tft_st7735\visualgdb\debug\fonts.o
f:\googledrive\stm32\stm32g4_tft\stm32g4_tft_st7735\stm32g4_tft_st7735\visualgdb\debug\st7735.o
f:\googledrive\stm32\stm32g4_tft\stm32g4_tft_st7735\stm32g4_tft_st7735\visualgdb\debug\startup_stm32g431xx.o
f:\googledrive\stm32\stm32g4_tft\stm32g4_tft_st7735\stm32g4_tft_st7735\visualgdb\debug\stm32g4xx_ll_adc.o
f:\googledrive\stm32\stm32g4_tft\stm32g4_tft_st7735\stm32g4_tft_st7735\visualgdb\debug\stm32g4xx_ll_comp.o
f:\googledrive\stm32\stm32g4_tft\stm32g4_tft_st7735\stm32g4_tft_st7735\visualgdb\debug\stm32g4xx_ll_cordic.o
f:\googledrive\stm32\stm32g4_tft\stm32g4_tft_st7735\stm32g4_tft_st7735\visualgdb\debug\stm32g4xx_ll_crc.o
f:\googledrive\stm32\stm32g4_tft\stm32g4_tft_st7735\stm32g4_tft_st7735\visualgdb\debug\stm32g4xx_ll_crs.o
f:\googledrive\stm32\stm32g4_tft\stm32g4_tft_st7735\stm32g4_tft_st7735\visualgdb\debug\stm32g4xx_ll_dac.o
f:\googledrive\stm32\stm32g4_tft\stm32g4_tft_st7735\stm32g4_tft_st7735\visualgdb\debug\stm32g4xx_ll_dma.o
f:\googledrive\stm32\stm32g4_tft\stm32g4_tft_st7735\stm32g4_tft_st7735\visualgdb\debug\stm32g4xx_ll_exti.o
f:\googledrive\stm32\stm32g4_tft\stm32g4_tft_st7735\stm32g4_tft_st7735\visualgdb\debug\stm32g4xx_ll_fmac.o
f:\googledrive\stm32\stm32g4_tft\stm32g4_tft_st7735\stm32g4_tft_st7735\visualgdb\debug\stm32g4xx_ll_fmc.o
f:\googledrive\stm32\stm32g4_tft\stm32g4_tft_st7735\stm32g4_tft_st7735\visualgdb\debug\stm32g4xx_ll_gpio.o
f:\googledrive\stm32\stm32g4_tft\stm32g4_tft_st7735\stm32g4_tft_st7735\visualgdb\debug\stm32g4xx_ll_hrtim.o
f:\googledrive\stm32\stm32g4_tft\stm32g4_tft_st7735\stm32g4_tft_st7735\visualgdb\debug\stm32g4xx_ll_i2c.o
f:\googledrive\stm32\stm32g4_tft\stm32g4_tft_st7735\stm32g4_tft_st7735\visualgdb\debug\stm32g4xx_ll_lptim.o
f:\googledrive\stm32\stm32g4_tft\stm32g4_tft_st7735\stm32g4_tft_st7735\visualgdb\debug\stm32g4xx_ll_lpuart.o
f:\googledrive\stm32\stm32g4_tft\stm32g4_tft_st7735\stm32g4_tft_st7735\visualgdb\debug\stm32g4xx_ll_opamp.o
f:\googledrive\stm32\stm32g4_tft\stm32g4_tft_st7735\stm32g4_tft_st7735\visualgdb\debug\stm32g4xx_ll_pwr.o
f:\googledrive\stm32\stm32g4_tft\stm32g4_tft_st7735\stm32g4_tft_st7735\visualgdb\debug\stm32g4xx_ll_rcc.o
f:\googledrive\stm32\stm32g4_tft\stm32g4_tft_st7735\stm32g4_tft_st7735\visualgdb\debug\stm32g4xx_ll_rng.o
f:\googledrive\stm32\stm32g4_tft\stm32g4_tft_st7735\stm32g4_tft_st7735\visualgdb\debug\stm32g4xx_ll_rtc.o
f:\googledrive\stm32\stm32g4_tft\stm32g4_tft_st7735\stm32g4_tft_st7735\visualgdb\debug\stm32g4xx_ll_spi.o
f:\googledrive\stm32\stm32g4_tft\stm32g4_tft_st7735\stm32g4_tft_st7735\visualgdb\debug\stm32g4xx_ll_tim.o
f:\googledrive\stm32\stm32g4_tft\stm32g4_tft_st7735\stm32g4_tft_st7735\visualgdb\debug\stm32g4xx_ll_ucpd.o
f:\googledrive\stm32\stm32g4_tft\stm32g4_tft_st7735\stm32g4_tft_st7735\visualgdb\debug\stm32g4xx_ll_usart.o
f:\googledrive\stm32\stm32g4_tft\stm32g4_tft_st7735\stm32g4_tft_st7735\visualgdb\debug\stm32g4xx_ll_utils.o
f:\googledrive\stm32\stm32g4_tft\stm32g4_tft_st7735\stm32g4_tft_st7735\visualgdb\debug\stm32g4_tft_st7735.o
f:\googledrive\stm32\stm32g4_tft\stm32g4_tft_st7735\stm32g4_tft_st7735\visualgdb\debug\system_stm32g4xx.o
f:\googledrive\stm32\stm32g4_tft\stm32g4_tft_st7735\stm32g4_tft_st7735\visualgdb\debug\cl_systemclockupdate.dep
f:\googledrive\stm32\stm32g4_tft\stm32g4_tft_st7735\stm32g4_tft_st7735\visualgdb\debug\fonts.dep
f:\googledrive\stm32\stm32g4_tft\stm32g4_tft_st7735\stm32g4_tft_st7735\visualgdb\debug\st7735.dep
f:\googledrive\stm32\stm32g4_tft\stm32g4_tft_st7735\stm32g4_tft_st7735\visualgdb\debug\startup_stm32g431xx.dep
f:\googledrive\stm32\stm32g4_tft\stm32g4_tft_st7735\stm32g4_tft_st7735\visualgdb\debug\stm32g4xx_ll_adc.dep
f:\googledrive\stm32\stm32g4_tft\stm32g4_tft_st7735\stm32g4_tft_st7735\visualgdb\debug\stm32g4xx_ll_comp.dep
f:\googledrive\stm32\stm32g4_tft\stm32g4_tft_st7735\stm32g4_tft_st7735\visualgdb\debug\stm32g4xx_ll_cordic.dep
f:\googledrive\stm32\stm32g4_tft\stm32g4_tft_st7735\stm32g4_tft_st7735\visualgdb\debug\stm32g4xx_ll_crc.dep
f:\googledrive\stm32\stm32g4_tft\stm32g4_tft_st7735\stm32g4_tft_st7735\visualgdb\debug\stm32g4xx_ll_crs.dep
f:\googledrive\stm32\stm32g4_tft\stm32g4_tft_st7735\stm32g4_tft_st7735\visualgdb\debug\stm32g4xx_ll_dac.dep
f:\googledrive\stm32\stm32g4_tft\stm32g4_tft_st7735\stm32g4_tft_st7735\visualgdb\debug\stm32g4xx_ll_dma.dep
f:\googledrive\stm32\stm32g4_tft\stm32g4_tft_st7735\stm32g4_tft_st7735\visualgdb\debug\stm32g4xx_ll_exti.dep
f:\googledrive\stm32\stm32g4_tft\stm32g4_tft_st7735\stm32g4_tft_st7735\visualgdb\debug\stm32g4xx_ll_fmac.dep
f:\googledrive\stm32\stm32g4_tft\stm32g4_tft_st7735\stm32g4_tft_st7735\visualgdb\debug\stm32g4xx_ll_fmc.dep
f:\googledrive\stm32\stm32g4_tft\stm32g4_tft_st7735\stm32g4_tft_st7735\visualgdb\debug\stm32g4xx_ll_gpio.dep
f:\googledrive\stm32\stm32g4_tft\stm32g4_tft_st7735\stm32g4_tft_st7735\visualgdb\debug\stm32g4xx_ll_hrtim.dep
f:\googledrive\stm32\stm32g4_tft\stm32g4_tft_st7735\stm32g4_tft_st7735\visualgdb\debug\stm32g4xx_ll_i2c.dep
f:\googledrive\stm32\stm32g4_tft\stm32g4_tft_st7735\stm32g4_tft_st7735\visualgdb\debug\stm32g4xx_ll_lptim.dep
f:\googledrive\stm32\stm32g4_tft\stm32g4_tft_st7735\stm32g4_tft_st7735\visualgdb\debug\stm32g4xx_ll_lpuart.dep
f:\googledrive\stm32\stm32g4_tft\stm32g4_tft_st7735\stm32g4_tft_st7735\visualgdb\debug\stm32g4xx_ll_opamp.dep
f:\googledrive\stm32\stm32g4_tft\stm32g4_tft_st7735\stm32g4_tft_st7735\visualgdb\debug\stm32g4xx_ll_pwr.dep
f:\googledrive\stm32\stm32g4_tft\stm32g4_tft_st7735\stm32g4_tft_st7735\visualgdb\debug\stm32g4xx_ll_rcc.dep
f:\googledrive\stm32\stm32g4_tft\stm32g4_tft_st7735\stm32g4_tft_st7735\visualgdb\debug\stm32g4xx_ll_rng.dep
f:\googledrive\stm32\stm32g4_tft\stm32g4_tft_st7735\stm32g4_tft_st7735\visualgdb\debug\stm32g4xx_ll_rtc.dep
f:\googledrive\stm32\stm32g4_tft\stm32g4_tft_st7735\stm32g4_tft_st7735\visualgdb\debug\stm32g4xx_ll_spi.dep
f:\googledrive\stm32\stm32g4_tft\stm32g4_tft_st7735\stm32g4_tft_st7735\visualgdb\debug\stm32g4xx_ll_tim.dep
f:\googledrive\stm32\stm32g4_tft\stm32g4_tft_st7735\stm32g4_tft_st7735\visualgdb\debug\stm32g4xx_ll_ucpd.dep
f:\googledrive\stm32\stm32g4_tft\stm32g4_tft_st7735\stm32g4_tft_st7735\visualgdb\debug\stm32g4xx_ll_usart.dep
f:\googledrive\stm32\stm32g4_tft\stm32g4_tft_st7735\stm32g4_tft_st7735\visualgdb\debug\stm32g4xx_ll_utils.dep
f:\googledrive\stm32\stm32g4_tft\stm32g4_tft_st7735\stm32g4_tft_st7735\visualgdb\debug\stm32g4_tft_st7735.dep
f:\googledrive\stm32\stm32g4_tft\stm32g4_tft_st7735\stm32g4_tft_st7735\visualgdb\debug\system_stm32g4xx.dep
f:\googledrive\stm32\stm32g4_tft\stm32g4_tft_st7735\stm32g4_tft_st7735\visualgdb\debug\cl_systemclockupdate.gcc.rsp
f:\googledrive\stm32\stm32g4_tft\stm32g4_tft_st7735\stm32g4_tft_st7735\visualgdb\debug\fonts.gcc.rsp
f:\googledrive\stm32\stm32g4_tft\stm32g4_tft_st7735\stm32g4_tft_st7735\visualgdb\debug\st7735.gcc.rsp
f:\googledrive\stm32\stm32g4_tft\stm32g4_tft_st7735\stm32g4_tft_st7735\visualgdb\debug\startup_stm32g431xx.gcc.rsp
f:\googledrive\stm32\stm32g4_tft\stm32g4_tft_st7735\stm32g4_tft_st7735\visualgdb\debug\stm32g4xx_ll_adc.gcc.rsp
f:\googledrive\stm32\stm32g4_tft\stm32g4_tft_st7735\stm32g4_tft_st7735\visualgdb\debug\stm32g4xx_ll_comp.gcc.rsp
f:\googledrive\stm32\stm32g4_tft\stm32g4_tft_st7735\stm32g4_tft_st7735\visualgdb\debug\stm32g4xx_ll_cordic.gcc.rsp
f:\googledrive\stm32\stm32g4_tft\stm32g4_tft_st7735\stm32g4_tft_st7735\visualgdb\debug\stm32g4xx_ll_crc.gcc.rsp
f:\googledrive\stm32\stm32g4_tft\stm32g4_tft_st7735\stm32g4_tft_st7735\visualgdb\debug\stm32g4xx_ll_crs.gcc.rsp
f:\googledrive\stm32\stm32g4_tft\stm32g4_tft_st7735\stm32g4_tft_st7735\visualgdb\debug\stm32g4xx_ll_dac.gcc.rsp
f:\googledrive\stm32\stm32g4_tft\stm32g4_tft_st7735\stm32g4_tft_st7735\visualgdb\debug\stm32g4xx_ll_dma.gcc.rsp
f:\googledrive\stm32\stm32g4_tft\stm32g4_tft_st7735\stm32g4_tft_st7735\visualgdb\debug\stm32g4xx_ll_exti.gcc.rsp
f:\googledrive\stm32\stm32g4_tft\stm32g4_tft_st7735\stm32g4_tft_st7735\visualgdb\debug\stm32g4xx_ll_fmac.gcc.rsp
f:\googledrive\stm32\stm32g4_tft\stm32g4_tft_st7735\stm32g4_tft_st7735\visualgdb\debug\stm32g4xx_ll_fmc.gcc.rsp
f:\googledrive\stm32\stm32g4_tft\stm32g4_tft_st7735\stm32g4_tft_st7735\visualgdb\debug\stm32g4xx_ll_gpio.gcc.rsp
f:\googledrive\stm32\stm32g4_tft\stm32g4_tft_st7735\stm32g4_tft_st7735\visualgdb\debug\stm32g4xx_ll_hrtim.gcc.rsp
f:\googledrive\stm32\stm32g4_tft\stm32g4_tft_st7735\stm32g4_tft_st7735\visualgdb\debug\stm32g4xx_ll_i2c.gcc.rsp
f:\googledrive\stm32\stm32g4_tft\stm32g4_tft_st7735\stm32g4_tft_st7735\visualgdb\debug\stm32g4xx_ll_lptim.gcc.rsp
f:\googledrive\stm32\stm32g4_tft\stm32g4_tft_st7735\stm32g4_tft_st7735\visualgdb\debug\stm32g4xx_ll_lpuart.gcc.rsp
f:\googledrive\stm32\stm32g4_tft\stm32g4_tft_st7735\stm32g4_tft_st7735\visualgdb\debug\stm32g4xx_ll_opamp.gcc.rsp
f:\googledrive\stm32\stm32g4_tft\stm32g4_tft_st7735\stm32g4_tft_st7735\visualgdb\debug\stm32g4xx_ll_pwr.gcc.rsp
f:\googledrive\stm32\stm32g4_tft\stm32g4_tft_st7735\stm32g4_tft_st7735\visualgdb\debug\stm32g4xx_ll_rcc.gcc.rsp
f:\googledrive\stm32\stm32g4_tft\stm32g4_tft_st7735\stm32g4_tft_st7735\visualgdb\debug\stm32g4xx_ll_rng.gcc.rsp
f:\googledrive\stm32\stm32g4_tft\stm32g4_tft_st7735\stm32g4_tft_st7735\visualgdb\debug\stm32g4xx_ll_rtc.gcc.rsp
f:\googledrive\stm32\stm32g4_tft\stm32g4_tft_st7735\stm32g4_tft_st7735\visualgdb\debug\stm32g4xx_ll_spi.gcc.rsp
f:\googledrive\stm32\stm32g4_tft\stm32g4_tft_st7735\stm32g4_tft_st7735\visualgdb\debug\stm32g4xx_ll_tim.gcc.rsp
f:\googledrive\stm32\stm32g4_tft\stm32g4_tft_st7735\stm32g4_tft_st7735\visualgdb\debug\stm32g4xx_ll_ucpd.gcc.rsp
f:\googledrive\stm32\stm32g4_tft\stm32g4_tft_st7735\stm32g4_tft_st7735\visualgdb\debug\stm32g4xx_ll_usart.gcc.rsp
f:\googledrive\stm32\stm32g4_tft\stm32g4_tft_st7735\stm32g4_tft_st7735\visualgdb\debug\stm32g4xx_ll_utils.gcc.rsp
f:\googledrive\stm32\stm32g4_tft\stm32g4_tft_st7735\stm32g4_tft_st7735\visualgdb\debug\stm32g4_tft_st7735.gcc.rsp
f:\googledrive\stm32\stm32g4_tft\stm32g4_tft_st7735\stm32g4_tft_st7735\visualgdb\debug\system_stm32g4xx.gcc.rsp
f:\googledrive\stm32\stm32g4_tft\stm32g4_tft_st7735\stm32g4_tft_st7735\visualgdb\debug\stm32g4_tft_st7735.alldeps
